<?xml version="1.0" encoding="UTF-8"?>
<testsuite name="it.gov.innovazione.lode.LodeApplicationTests" tests="1" skipped="0" failures="0" errors="0" timestamp="2022-11-21T15:42:58" hostname="nespolinux-manjaro" time="0.289">
  <properties/>
  <testcase name="contextLoads()" classname="it.gov.innovazione.lode.LodeApplicationTests" time="0.289"/>
  <system-out><![CDATA[16:42:56.014 [Test worker] DEBUG org.springframework.test.context.BootstrapUtils - Instantiating CacheAwareContextLoaderDelegate from class [org.springframework.test.context.cache.DefaultCacheAwareContextLoaderDelegate]
16:42:56.021 [Test worker] DEBUG org.springframework.test.context.BootstrapUtils - Instantiating BootstrapContext using constructor [public org.springframework.test.context.support.DefaultBootstrapContext(java.lang.Class,org.springframework.test.context.CacheAwareContextLoaderDelegate)]
16:42:56.041 [Test worker] DEBUG org.springframework.test.context.BootstrapUtils - Instantiating TestContextBootstrapper for test class [it.gov.innovazione.lode.LodeApplicationTests] from class [org.springframework.boot.test.context.SpringBootTestContextBootstrapper]
16:42:56.047 [Test worker] INFO org.springframework.boot.test.context.SpringBootTestContextBootstrapper - Neither @ContextConfiguration nor @ContextHierarchy found for test class [it.gov.innovazione.lode.LodeApplicationTests], using SpringBootContextLoader
16:42:56.049 [Test worker] DEBUG org.springframework.test.context.support.AbstractContextLoader - Did not detect default resource location for test class [it.gov.innovazione.lode.LodeApplicationTests]: class path resource [it/gov/innovazione/lode/LodeApplicationTests-context.xml] does not exist
16:42:56.050 [Test worker] DEBUG org.springframework.test.context.support.AbstractContextLoader - Did not detect default resource location for test class [it.gov.innovazione.lode.LodeApplicationTests]: class path resource [it/gov/innovazione/lode/LodeApplicationTestsContext.groovy] does not exist
16:42:56.050 [Test worker] INFO org.springframework.test.context.support.AbstractContextLoader - Could not detect default resource locations for test class [it.gov.innovazione.lode.LodeApplicationTests]: no resource found for suffixes {-context.xml, Context.groovy}.
16:42:56.050 [Test worker] INFO org.springframework.test.context.support.AnnotationConfigContextLoaderUtils - Could not detect default configuration classes for test class [it.gov.innovazione.lode.LodeApplicationTests]: LodeApplicationTests does not declare any static, non-private, non-final, nested classes annotated with @Configuration.
16:42:56.077 [Test worker] DEBUG org.springframework.test.context.support.ActiveProfilesUtils - Could not find an 'annotation declaring class' for annotation type [org.springframework.test.context.ActiveProfiles] and class [it.gov.innovazione.lode.LodeApplicationTests]
16:42:56.115 [Test worker] DEBUG org.springframework.context.annotation.ClassPathScanningCandidateComponentProvider - Identified candidate component class: file [/home/giuseppe/Innovaway/github/gnespolino/LODE/build/classes/java/main/it/gov/innovazione/lode/LodeApplication.class]
16:42:56.121 [Test worker] INFO org.springframework.boot.test.context.SpringBootTestContextBootstrapper - Found @SpringBootConfiguration it.gov.innovazione.lode.LodeApplication for test class it.gov.innovazione.lode.LodeApplicationTests
16:42:56.179 [Test worker] DEBUG org.springframework.boot.test.context.SpringBootTestContextBootstrapper - @TestExecutionListeners is not present for class [it.gov.innovazione.lode.LodeApplicationTests]: using defaults.
16:42:56.179 [Test worker] INFO org.springframework.boot.test.context.SpringBootTestContextBootstrapper - Loaded default TestExecutionListener class names from location [META-INF/spring.factories]: [org.springframework.boot.test.autoconfigure.restdocs.RestDocsTestExecutionListener, org.springframework.boot.test.autoconfigure.web.client.MockRestServiceServerResetTestExecutionListener, org.springframework.boot.test.autoconfigure.web.servlet.MockMvcPrintOnlyOnFailureTestExecutionListener, org.springframework.boot.test.autoconfigure.web.servlet.WebDriverTestExecutionListener, org.springframework.boot.test.autoconfigure.webservices.client.MockWebServiceServerTestExecutionListener, org.springframework.boot.test.mock.mockito.MockitoTestExecutionListener, org.springframework.boot.test.mock.mockito.ResetMocksTestExecutionListener, org.springframework.test.context.web.ServletTestExecutionListener, org.springframework.test.context.support.DirtiesContextBeforeModesTestExecutionListener, org.springframework.test.context.event.ApplicationEventsTestExecutionListener, org.springframework.test.context.support.DependencyInjectionTestExecutionListener, org.springframework.test.context.support.DirtiesContextTestExecutionListener, org.springframework.test.context.transaction.TransactionalTestExecutionListener, org.springframework.test.context.jdbc.SqlScriptsTestExecutionListener, org.springframework.test.context.event.EventPublishingTestExecutionListener]
16:42:56.186 [Test worker] DEBUG org.springframework.boot.test.context.SpringBootTestContextBootstrapper - Skipping candidate TestExecutionListener [org.springframework.test.context.transaction.TransactionalTestExecutionListener] due to a missing dependency. Specify custom listener classes or make the default listener classes and their required dependencies available. Offending class: [org/springframework/transaction/TransactionDefinition]
16:42:56.186 [Test worker] DEBUG org.springframework.boot.test.context.SpringBootTestContextBootstrapper - Skipping candidate TestExecutionListener [org.springframework.test.context.jdbc.SqlScriptsTestExecutionListener] due to a missing dependency. Specify custom listener classes or make the default listener classes and their required dependencies available. Offending class: [org/springframework/transaction/interceptor/TransactionAttribute]
16:42:56.186 [Test worker] INFO org.springframework.boot.test.context.SpringBootTestContextBootstrapper - Using TestExecutionListeners: [org.springframework.test.context.web.ServletTestExecutionListener@5bd1ceca, org.springframework.test.context.support.DirtiesContextBeforeModesTestExecutionListener@30c31dd7, org.springframework.test.context.event.ApplicationEventsTestExecutionListener@499b2a5c, org.springframework.boot.test.mock.mockito.MockitoTestExecutionListener@596df867, org.springframework.boot.test.autoconfigure.SpringBootDependencyInjectionTestExecutionListener@c1fca1e, org.springframework.test.context.support.DirtiesContextTestExecutionListener@241a53ef, org.springframework.test.context.event.EventPublishingTestExecutionListener@344344fa, org.springframework.boot.test.autoconfigure.restdocs.RestDocsTestExecutionListener@2db2cd5, org.springframework.boot.test.autoconfigure.web.client.MockRestServiceServerResetTestExecutionListener@70e659aa, org.springframework.boot.test.autoconfigure.web.servlet.MockMvcPrintOnlyOnFailureTestExecutionListener@615f972, org.springframework.boot.test.autoconfigure.web.servlet.WebDriverTestExecutionListener@285f09de, org.springframework.boot.test.autoconfigure.webservices.client.MockWebServiceServerTestExecutionListener@73393584, org.springframework.boot.test.mock.mockito.ResetMocksTestExecutionListener@31500940]
16:42:56.189 [Test worker] DEBUG org.springframework.test.context.support.AbstractDirtiesContextTestExecutionListener - Before test class: context [DefaultTestContext@443dbe42 testClass = LodeApplicationTests, testInstance = [null], testMethod = [null], testException = [null], mergedContextConfiguration = [WebMergedContextConfiguration@473b3b7a testClass = LodeApplicationTests, locations = '{}', classes = '{class it.gov.innovazione.lode.LodeApplication}', contextInitializerClasses = '[]', activeProfiles = '{}', propertySourceLocations = '{}', propertySourceProperties = '{org.springframework.boot.test.context.SpringBootTestContextBootstrapper=true}', contextCustomizers = set[org.springframework.boot.test.autoconfigure.actuate.metrics.MetricsExportContextCustomizerFactory$DisableMetricExportContextCustomizer@7ce97ee5, org.springframework.boot.test.autoconfigure.properties.PropertyMappingContextCustomizer@0, org.springframework.boot.test.autoconfigure.web.servlet.WebDriverContextCustomizerFactory$Customizer@765f05af, org.springframework.boot.test.context.filter.ExcludeFilterContextCustomizer@4bc28c33, org.springframework.boot.test.json.DuplicateJsonObjectContextCustomizerFactory$DuplicateJsonObjectContextCustomizer@7ec3394b, org.springframework.boot.test.mock.mockito.MockitoContextCustomizer@0, org.springframework.boot.test.web.client.TestRestTemplateContextCustomizer@3542162a, org.springframework.boot.test.context.SpringBootTestArgs@1, org.springframework.boot.test.context.SpringBootTestWebEnvironment@9816741], resourceBasePath = 'src/main/webapp', contextLoader = 'org.springframework.boot.test.context.SpringBootContextLoader', parent = [null]], attributes = map['org.springframework.test.context.web.ServletTestExecutionListener.activateListener' -> true]], class annotated with @DirtiesContext [false] with mode [null].

  .   ____          _            __ _ _
 /\\ / ___'_ __ _ _(_)_ __  __ _ \ \ \ \
( ( )\___ | '_ | '_| | '_ \/ _` | \ \ \ \
 \\/  ___)| |_)| | | | | || (_| |  ) ) ) )
  '  |____| .__|_| |_|_| |_\__, | / / / /
 =========|_|==============|___/=/_/_/_/
 :: Spring Boot ::                (v2.7.5)

2022-11-21 16:42:56.426  INFO 1407130 --- [    Test worker] i.g.i.lode.LodeApplicationTests          : Starting LodeApplicationTests using Java 11.0.17 on nespolinux-manjaro with PID 1407130 (started by giuseppe in /home/giuseppe/Innovaway/github/gnespolino/LODE)
2022-11-21 16:42:56.440  INFO 1407130 --- [    Test worker] i.g.i.lode.LodeApplicationTests          : No active profile set, falling back to 1 default profile: "default"
2022-11-21 16:42:58.268  INFO 1407130 --- [    Test worker] i.g.i.lode.LodeApplicationTests          : Started LodeApplicationTests in 2.046 seconds (JVM running for 2.77)
]]></system-out>
  <system-err><![CDATA[Warning at function f:hasSubclasses on line 2446 column 55 
  SXWN9000: A function that computes atomic values should use xsl:sequence rather than xsl:value-of
Warning at function f:isInRange on line 2458 column 51 
  SXWN9000: A function that computes atomic values should use xsl:sequence rather than xsl:value-of
Warning at function f:hasMembers on line 2452 column 52 
  SXWN9000: A function that computes atomic values should use xsl:sequence rather than xsl:value-of
Warning at function f:isInDomain on line 2464 column 52 
  SXWN9000: A function that computes atomic values should use xsl:sequence rather than xsl:value-of
]]></system-err>
</testsuite>
